Symlinking /home/antonio/thesis/devel/include/interbotix_moveit_interface/MoveItPlanResponse.h
Symlinking /home/antonio/thesis/devel/include/interbotix_moveit_interface/MoveItPlan.h
Symlinking /home/antonio/thesis/devel/include/interbotix_moveit_interface/MoveItPlanRequest.h
Symlinking /home/antonio/thesis/devel/share/common-lisp/ros/interbotix_moveit_interface/srv/_package.lisp
Symlinking /home/antonio/thesis/devel/share/common-lisp/ros/interbotix_moveit_interface/srv/MoveItPlan.lisp
Symlinking /home/antonio/thesis/devel/share/common-lisp/ros/interbotix_moveit_interface/srv/_package_MoveItPlan.lisp
Symlinking /home/antonio/thesis/devel/share/common-lisp/ros/interbotix_moveit_interface/srv/interbotix_moveit_interface-srv.asd
Symlinking /home/antonio/thesis/devel/share/gennodejs/ros/interbotix_moveit_interface/_index.js
Symlinking /home/antonio/thesis/devel/share/gennodejs/ros/interbotix_moveit_interface/srv/MoveItPlan.js
Symlinking /home/antonio/thesis/devel/share/gennodejs/ros/interbotix_moveit_interface/srv/_index.js
Symlinking /home/antonio/thesis/devel/share/roseus/ros/interbotix_moveit_interface/manifest.l
Symlinking /home/antonio/thesis/devel/share/roseus/ros/interbotix_moveit_interface/srv/MoveItPlan.l
Symlinking /home/antonio/thesis/devel/share/interbotix_moveit_interface/cmake/interbotix_moveit_interfaceConfig-version.cmake
Symlinking /home/antonio/thesis/devel/share/interbotix_moveit_interface/cmake/interbotix_moveit_interface-msg-extras.cmake
Symlinking /home/antonio/thesis/devel/share/interbotix_moveit_interface/cmake/interbotix_moveit_interfaceConfig.cmake
Symlinking /home/antonio/thesis/devel/share/interbotix_moveit_interface/cmake/interbotix_moveit_interface-msg-paths.cmake
Symlinking /home/antonio/thesis/devel/lib/pkgconfig/interbotix_moveit_interface.pc
Symlinking /home/antonio/thesis/devel/lib/python3/dist-packages/interbotix_moveit_interface/__init__.py
Symlinking /home/antonio/thesis/devel/lib/python3/dist-packages/interbotix_moveit_interface/srv/__init__.py
Symlinking /home/antonio/thesis/devel/lib/python3/dist-packages/interbotix_moveit_interface/srv/_MoveItPlan.py
Symlinking /home/antonio/thesis/devel/lib/interbotix_moveit_interface/moveit_interface
Symlinking /home/antonio/thesis/devel/lib/interbotix_moveit_interface/cmake.lock
Symlinking /home/antonio/thesis/devel/lib/interbotix_moveit_interface/moveit_interface_gui
Symlinking /home/antonio/thesis/devel/lib/interbotix_moveit_interface/moveit_python_interface
